[debug] [2024-03-03T12:05:19.725Z] ----------------------------------------------------------------------
[debug] [2024-03-03T12:05:19.727Z] Command:       C:\Program Files\nodejs\node.exe C:\Users\Merav\AppData\Roaming\npm\node_modules\firebase-tools\lib\bin\firebase.js init
[debug] [2024-03-03T12:05:19.727Z] CLI Version:   13.4.0
[debug] [2024-03-03T12:05:19.727Z] Platform:      win32
[debug] [2024-03-03T12:05:19.728Z] Node Version:  v20.10.0
[debug] [2024-03-03T12:05:19.728Z] Time:          Sun Mar 03 2024 14:05:19 GMT+0200 (שעון ישראל (חורף))
[debug] [2024-03-03T12:05:19.728Z] ----------------------------------------------------------------------
[debug] 
[debug] [2024-03-03T12:05:19.730Z] >>> [apiv2][query] GET https://firebase-public.firebaseio.com/cli.json [none]
[debug] [2024-03-03T12:05:19.778Z] > command requires scopes: ["email","openid","https://www.googleapis.com/auth/cloudplatformprojects.readonly","https://www.googleapis.com/auth/firebase","https://www.googleapis.com/auth/cloud-platform"]
[debug] [2024-03-03T12:05:19.779Z] > authorizing via signed-in user (sagipach153@gmail.com)
[info] 
     ######## #### ########  ######## ########     ###     ######  ########
     ##        ##  ##     ## ##       ##     ##  ##   ##  ##       ##
     ######    ##  ########  ######   ########  #########  ######  ######
     ##        ##  ##    ##  ##       ##     ## ##     ##       ## ##
     ##       #### ##     ## ######## ########  ##     ##  ######  ########

You're about to initialize a Firebase project in this directory:

  C:\Users\Merav\Desktop\קורס Web development\Fullstack projects\poscastHosttingApp\Podcast-MERN-Stack-App\frontend

[debug] [2024-03-03T12:05:20.272Z] <<< [apiv2][status] GET https://firebase-public.firebaseio.com/cli.json 200
[debug] [2024-03-03T12:05:20.273Z] <<< [apiv2][body] GET https://firebase-public.firebaseio.com/cli.json {"cloudBuildErrorAfter":1594252800000,"cloudBuildWarnAfter":1590019200000,"defaultNode10After":1594252800000,"minVersion":"3.0.5","node8DeploysDisabledAfter":1613390400000,"node8RuntimeDisabledAfter":1615809600000,"node8WarnAfter":1600128000000}
